<?xml version="1.0" encoding="UTF-8"?>
<!-- Generated by org.testng.reporters.JUnitXMLReporter -->
<testsuite ignored="0" hostname="NIT-LPT-R289" failures="1" tests="1" name="Test" time="2.27" errors="0" timestamp="2021-08-11T11:22:12 IST">
  <testcase classname="seleniumd.Jenkinsdemo" name="jenkins" time="2.246">
    <failure type="org.openqa.selenium.SessionNotCreatedException" message="session not created: This version of ChromeDriver only supports Chrome version 90
Current browser version is 92.0.4515.131 with binary path C:\Program Files (x86)\Google\Chrome\Application\chrome.exe
Build info: version: &amp;apos;3.141.59&amp;apos;, revision: &amp;apos;e82be7d358&amp;apos;, time: &amp;apos;2018-11-14T08:25:53&amp;apos;
System info: host: &amp;apos;NIT-LPT-R289&amp;apos;, ip: &amp;apos;172.23.80.1&amp;apos;, os.name: &amp;apos;Windows 10&amp;apos;, os.arch: &amp;apos;amd64&amp;apos;, os.version: &amp;apos;10.0&amp;apos;, java.version: &amp;apos;11.0.10&amp;apos;
Driver info: driver.version: ChromeDriver
remote stacktrace: Backtrace:
	Ordinal0 [0x0069C013+2474003]
	Ordinal0 [0x006329C1+2042305]
	Ordinal0 [0x00542F68+1060712]
	Ordinal0 [0x0056188E+1185934]
	Ordinal0 [0x0055D600+1168896]
	Ordinal0 [0x0055AA83+1157763]
	Ordinal0 [0x0058A2A2+1352354]
	Ordinal0 [0x00588FAA+1347498]
	Ordinal0 [0x005866DB+1337051]
	Ordinal0 [0x00563427+1192999]
	Ordinal0 [0x005642EE+1196782]
	Ordinal0 [0x00564279+1196665]
	GetHandleVerifier [0x008296FC+1590332]
	GetHandleVerifier [0x008D8614+2306900]
	GetHandleVerifier [0x00729E93+543699]
	GetHandleVerifier [0x007292CE+540686]
	Ordinal0 [0x006386BA+2066106]
	Ordinal0 [0x0063D1C8+2085320]
	Ordinal0 [0x0063D308+2085640]
	Ordinal0 [0x006467F3+2123763]
	BaseThreadInitThunk [0x74E4FA29+25]
	RtlGetAppContainerNamedObjectPath [0x76FE7A7E+286]
	RtlGetAppContainerNamedObjectPath [0x76FE7A4E+238]
">
      <![CDATA[org.openqa.selenium.SessionNotCreatedException: session not created: This version of ChromeDriver only supports Chrome version 90
Current browser version is 92.0.4515.131 with binary path C:\Program Files (x86)\Google\Chrome\Application\chrome.exe
Build info: version: '3.141.59', revision: 'e82be7d358', time: '2018-11-14T08:25:53'
System info: host: 'NIT-LPT-R289', ip: '172.23.80.1', os.name: 'Windows 10', os.arch: 'amd64', os.version: '10.0', java.version: '11.0.10'
Driver info: driver.version: ChromeDriver
remote stacktrace: Backtrace:
Ordinal0 [0x0069C013+2474003]
Ordinal0 [0x006329C1+2042305]
Ordinal0 [0x00542F68+1060712]
Ordinal0 [0x0056188E+1185934]
Ordinal0 [0x0055D600+1168896]
Ordinal0 [0x0055AA83+1157763]
Ordinal0 [0x0058A2A2+1352354]
Ordinal0 [0x00588FAA+1347498]
Ordinal0 [0x005866DB+1337051]
Ordinal0 [0x00563427+1192999]
Ordinal0 [0x005642EE+1196782]
Ordinal0 [0x00564279+1196665]
GetHandleVerifier [0x008296FC+1590332]
GetHandleVerifier [0x008D8614+2306900]
GetHandleVerifier [0x00729E93+543699]
GetHandleVerifier [0x007292CE+540686]
Ordinal0 [0x006386BA+2066106]
Ordinal0 [0x0063D1C8+2085320]
Ordinal0 [0x0063D308+2085640]
Ordinal0 [0x006467F3+2123763]
BaseThreadInitThunk [0x74E4FA29+25]
RtlGetAppContainerNamedObjectPath [0x76FE7A7E+286]
RtlGetAppContainerNamedObjectPath [0x76FE7A4E+238]

at org.openqa.selenium.remote.W3CHandshakeResponse.lambda$errorHandler$0(W3CHandshakeResponse.java:62)
at org.openqa.selenium.remote.HandshakeResponse.lambda$getResponseFunction$0(HandshakeResponse.java:30)
at org.openqa.selenium.remote.ProtocolHandshake.lambda$createSession$0(ProtocolHandshake.java:126)
at java.base/java.util.stream.ReferencePipeline$3$1.accept(ReferencePipeline.java:195)
at java.base/java.util.Spliterators$ArraySpliterator.tryAdvance(Spliterators.java:958)
at java.base/java.util.stream.ReferencePipeline.forEachWithCancel(ReferencePipeline.java:127)
at java.base/java.util.stream.AbstractPipeline.copyIntoWithCancel(AbstractPipeline.java:502)
at java.base/java.util.stream.AbstractPipeline.copyInto(AbstractPipeline.java:488)
at java.base/java.util.stream.AbstractPipeline.wrapAndCopyInto(AbstractPipeline.java:474)
at java.base/java.util.stream.FindOps$FindOp.evaluateSequential(FindOps.java:150)
at java.base/java.util.stream.AbstractPipeline.evaluate(AbstractPipeline.java:234)
at java.base/java.util.stream.ReferencePipeline.findFirst(ReferencePipeline.java:543)
at org.openqa.selenium.remote.ProtocolHandshake.createSession(ProtocolHandshake.java:128)
at org.openqa.selenium.remote.ProtocolHandshake.createSession(ProtocolHandshake.java:74)
at org.openqa.selenium.remote.HttpCommandExecutor.execute(HttpCommandExecutor.java:136)
at org.openqa.selenium.remote.service.DriverCommandExecutor.execute(DriverCommandExecutor.java:83)
at org.openqa.selenium.remote.RemoteWebDriver.execute(RemoteWebDriver.java:552)
at org.openqa.selenium.remote.RemoteWebDriver.startSession(RemoteWebDriver.java:213)
at org.openqa.selenium.remote.RemoteWebDriver.<init>(RemoteWebDriver.java:131)
at org.openqa.selenium.chrome.ChromeDriver.<init>(ChromeDriver.java:181)
at org.openqa.selenium.chrome.ChromeDriver.<init>(ChromeDriver.java:168)
at org.openqa.selenium.chrome.ChromeDriver.<init>(ChromeDriver.java:123)
at seleniumd.Jenkinsdemo.jenkins(Jenkinsdemo.java:17)
at java.base/java.util.ArrayList.forEach(ArrayList.java:1541)
... Removed 30 stack frames]]>
    </failure>
  </testcase> <!-- jenkins -->
</testsuite> <!-- Test -->
